<?xml version="1.0" encoding="UTF-8"?>
<!-- Generated by org.testng.reporters.JUnitXMLReporter -->
<testsuite ignored="0" hostname="DESKTOP-SVQG98V" failures="0" tests="3" name="Default test" time="111.866" errors="0" timestamp="2024-01-09T09:00:16 PST">
  <testcase classname="org.luma.ecommerce.testcases.E2EPurchase" name="purchaseFlow" time="18.058">
    <skipped/>
  </testcase> <!-- purchaseFlow -->
  <testcase classname="org.luma.ecommerce.testcases.E2EPurchase" name="purchaseFlow" time="6.854">
    <skipped/>
  </testcase> <!-- purchaseFlow -->
  <testcase classname="org.luma.ecommerce.testcases.E2EPurchase" name="purchaseFlow" time="35.034"/>
</testsuite> <!-- Default test -->
