<?xml version="1.0" encoding="UTF-8"?>
<!-- Generated by org.testng.reporters.JUnitXMLReporter -->
<testsuite ignored="2" hostname="DESKTOP-SVQG98V" failures="0" tests="1" name="Purchase" time="14.856" errors="0" timestamp="2023-11-04T16:59:35 PDT">
  <testcase classname="org.luma.ecommerce.testcases.Login" name="login" time="5.341"/>
  <testcase classname="org.luma.ecommerce.testcases.E2EPurchase" name="pruchaseFlow" time="0.0">
    <ignored/>
  </testcase> <!-- pruchaseFlow -->
  <testcase classname="org.luma.ecommerce.testcases.Negative_Validation" name="loginNegative_Validation" time="0.0">
    <ignored/>
  </testcase> <!-- loginNegative_Validation -->
</testsuite> <!-- Purchase -->
