<?xml version="1.0" encoding="UTF-8"?>
<!-- Generated by org.testng.reporters.JUnitXMLReporter -->
<testsuite ignored="0" hostname="DESKTOP-SVQG98V" failures="0" tests="6" name="Test" time="175.691" errors="0" timestamp="2024-01-03T19:48:04 PST">
  <testcase classname="org.luma.ecommerce.testcases.Login" name="login" time="6.104"/>
  <testcase classname="org.luma.ecommerce.testcases.Login" name="login" time="5.082"/>
  <testcase classname="org.luma.ecommerce.testcases.Negative_Validation" name="loginNegative_Validation" time="5.542"/>
  <testcase classname="org.luma.ecommerce.testcases.E2EPurchase" name="purchaseFlow" time="26.893">
    <skipped/>
  </testcase> <!-- purchaseFlow -->
  <testcase classname="org.luma.ecommerce.testcases.E2EPurchase" name="purchaseFlow" time="45.416"/>
  <testcase classname="org.luma.ecommerce.testcases.Sales_Purchase" name="sales_purchase_flow" time="6.673"/>
</testsuite> <!-- Test -->
