<?xml version="1.0" encoding="UTF-8"?>
<!-- Generated by org.testng.reporters.JUnitXMLReporter -->
<testsuite hostname="DESKTOP-SVQG98V" ignored="0" name="Test" tests="6" failures="0" timestamp="2023-11-17T23:02:51 PST" time="162.639" errors="0">
  <testcase name="loginNegative_Validation" time="24.802" classname="org.luma.ecommerce.testcases.Negative_Validation"/>
  <testcase name="login" time="23.002" classname="org.luma.ecommerce.testcases.Login"/>
  <testcase name="purchaseFlow" time="49.498" classname="org.luma.ecommerce.testcases.E2EPurchase">
    <skipped/>
  </testcase> <!-- purchaseFlow -->
  <testcase name="login" time="9.602" classname="org.luma.ecommerce.testcases.Login"/>
  <testcase name="purchaseFlow" time="7.286" classname="org.luma.ecommerce.testcases.E2EPurchase">
    <skipped/>
  </testcase> <!-- purchaseFlow -->
  <testcase name="purchaseFlow" time="24.969" classname="org.luma.ecommerce.testcases.E2EPurchase"/>
</testsuite> <!-- Test -->
