<?xml version="1.0" encoding="UTF-8"?>
<testsuite xmlns:xsi="http://www.w3.org/2001/XMLSchema-instance" xsi:noNamespaceSchemaLocation="https://maven.apache.org/surefire/maven-surefire-plugin/xsd/surefire-test-report-3.0.xsd" version="3.0" name="TestSuite" time="164.783" tests="6" errors="0" skipped="2" failures="0">
  <properties>
[...]
</properties>
  <testcase name="loginNegative_Validation" classname="org.luma.ecommerce.testcases.Negative_Validation" time="22.075">
    <system-err><![CDATA[SLF4J: No SLF4J providers were found.
SLF4J: Defaulting to no-operation (NOP) logger implementation
SLF4J: See https://www.slf4j.org/codes.html#noProviders for further details.
Nov 17, 2023 11:00:16 PM org.openqa.selenium.devtools.CdpVersionFinder findNearestMatch
WARNING: Unable to find an exact match for CDP version 119, so returning the closest version found: 117
Nov 17, 2023 11:00:19 PM org.openqa.selenium.devtools.CdpVersionFinder findNearestMatch
WARNING: Unable to find an exact match for CDP version 119, so returning the closest version found: 117
Nov 17, 2023 11:00:19 PM org.openqa.selenium.devtools.CdpVersionFinder findNearestMatch
WARNING: Unable to find an exact match for CDP version 119, so returning the closest version found: 117
]]></system-err>
  </testcase>
  <testcase name="login[ashafj11@gmail.com, Ashafj11!](1)" classname="org.luma.ecommerce.testcases.Login" time="23.499"/>
  <testcase name="login[carlpenet123@gmail.com, Ashafj11!](2)" classname="org.luma.ecommerce.testcases.Login" time="10.064">
    <system-err><![CDATA[Nov 17, 2023 11:01:48 PM org.openqa.selenium.devtools.CdpVersionFinder findNearestMatch
WARNING: Unable to find an exact match for CDP version 119, so returning the closest version found: 117
]]></system-err>
  </testcase>
  <testcase name="purchaseFlow" classname="org.luma.ecommerce.testcases.E2EPurchase" time="0.0">
    <skipped message="no such element: Unable to locate element: {&quot;method&quot;:&quot;xpath&quot;,&quot;selector&quot;:&quot;//table[@class=&apos;table-checkout-shipping-method&apos;]//input[@name=&apos;ko_unique_1&apos;]&quot;}&#10;  (Session info: MicrosoftEdge=119.0.2151.72)&#10;For documentation on this error, please visit: https://www.selenium.dev/documentation/webdriver/troubleshooting/errors#no-such-element-exception&#10;Build info: version: &apos;4.13.0&apos;, revision: &apos;ba948ece5b*&apos;&#10;System info: os.name: &apos;Windows 10&apos;, os.arch: &apos;amd64&apos;, os.version: &apos;10.0&apos;, java.version: &apos;1.8.0_271&apos;&#10;Driver info: org.openqa.selenium.edge.EdgeDriver&#10;Command: [802f6b781bc80d4e8dacd82f2d008d53, findElement {using=xpath, value=//table[@class=&apos;table-checkout-shipping-method&apos;]//input[@name=&apos;ko_unique_1&apos;]}]&#10;Capabilities {acceptInsecureCerts: false, browserName: msedge, browserVersion: 119.0.2151.72, fedcm:accounts: true, ms:edgeOptions: {debuggerAddress: localhost:51918}, msedge: {msedgedriverVersion: 119.0.2151.72 (e8225cce8e47..., userDataDir: C:\Users\ASUSX7~1\AppData\L...}, networkConnectionEnabled: false, pageLoadStrategy: normal, platformName: windows, proxy: Proxy(), se:cdp: ws://localhost:51918/devtoo..., se:cdpVersion: 119.0.2151.72, setWindowRect: true, strictFileInteractability: false, timeouts: {implicit: 0, pageLoad: 300000, script: 30000}, unhandledPromptBehavior: dismiss and notify, webauthn:extension:credBlob: true, webauthn:extension:largeBlob: true, webauthn:extension:minPinLength: true, webauthn:extension:prf: true, webauthn:virtualAuthenticators: true}&#10;Session ID: 802f6b781bc80d4e8dacd82f2d008d53"/>
    <system-out><![CDATA[7
Karissa V-Neck Tee
Tiffany Fitness Tee
Minerva LumaTech™ V-Tee
Elisa EverCool™ Tee
Layla Tee
Iris Workout Top
Gabrielle Micro Sleeve Top
You added Iris Workout Top to your shopping cart.
]]></system-out>
    <system-err><![CDATA[Nov 17, 2023 11:01:32 PM org.openqa.selenium.devtools.CdpVersionFinder findNearestMatch
WARNING: Unable to find an exact match for CDP version 119, so returning the closest version found: 117
]]></system-err>
  </testcase>
  <testcase name="purchaseFlow" classname="org.luma.ecommerce.testcases.E2EPurchase" time="0.0">
    <skipped message="element not interactable: [object HTMLSpanElement] has no size and location&#10;  (Session info: MicrosoftEdge=119.0.2151.72)&#10;Build info: version: &apos;4.13.0&apos;, revision: &apos;ba948ece5b*&apos;&#10;System info: os.name: &apos;Windows 10&apos;, os.arch: &apos;amd64&apos;, os.version: &apos;10.0&apos;, java.version: &apos;1.8.0_271&apos;&#10;Driver info: org.openqa.selenium.edge.EdgeDriver&#10;Command: [1ed5e25d1e0465b8533d9f8314c3291b, actions {actions=[org.openqa.selenium.interactions.Sequence@33929d33]}]&#10;Capabilities {acceptInsecureCerts: false, browserName: msedge, browserVersion: 119.0.2151.72, fedcm:accounts: true, ms:edgeOptions: {debuggerAddress: localhost:52177}, msedge: {msedgedriverVersion: 119.0.2151.72 (e8225cce8e47..., userDataDir: C:\Users\ASUSX7~1\AppData\L...}, networkConnectionEnabled: false, pageLoadStrategy: normal, platformName: windows, proxy: Proxy(), se:cdp: ws://localhost:52177/devtoo..., se:cdpVersion: 119.0.2151.72, setWindowRect: true, strictFileInteractability: false, timeouts: {implicit: 0, pageLoad: 300000, script: 30000}, unhandledPromptBehavior: dismiss and notify, webauthn:extension:credBlob: true, webauthn:extension:largeBlob: true, webauthn:extension:minPinLength: true, webauthn:extension:prf: true, webauthn:virtualAuthenticators: true}&#10;Session ID: 1ed5e25d1e0465b8533d9f8314c3291b"/>
  </testcase>
  <testcase name="purchaseFlow" classname="org.luma.ecommerce.testcases.E2EPurchase" time="25.114">
    <system-out><![CDATA[7
Karissa V-Neck Tee
Tiffany Fitness Tee
Minerva LumaTech™ V-Tee
Elisa EverCool™ Tee
Layla Tee
Iris Workout Top
Gabrielle Micro Sleeve Top
You added Iris Workout Top to your shopping cart.
Checkout
]]></system-out>
    <system-err><![CDATA[Nov 17, 2023 11:02:15 PM org.openqa.selenium.devtools.CdpVersionFinder findNearestMatch
WARNING: Unable to find an exact match for CDP version 119, so returning the closest version found: 117
]]></system-err>
  </testcase>
</testsuite>