<?xml version="1.0" encoding="UTF-8"?>
<testng-results ignored="0" total="1" passed="1" failed="0" skipped="0">
  <reporter-output>
  </reporter-output>
  <suite started-at="2024-01-06T17:03:50 PST" name="Default suite" finished-at="2024-01-06T17:04:28 PST" duration-ms="37916">
    <groups>
    </groups>
    <test started-at="2024-01-06T17:03:50 PST" name="Default test" finished-at="2024-01-06T17:04:28 PST" duration-ms="37916">
      <class name="org.luma.ecommerce.testcases.Sales_Purchase">
        <test-method is-config="true" signature="launchApplication()[pri:0, instance:org.luma.ecommerce.testcases.Sales_Purchase@18df8434]" started-at="2024-01-06T17:03:50 PST" name="launchApplication" finished-at="2024-01-06T17:04:01 PST" duration-ms="11107" status="PASS">
          <reporter-output>
          </reporter-output>
        </test-method> <!-- launchApplication -->
        <test-method signature="sales_purchase_flow()[pri:0, instance:org.luma.ecommerce.testcases.Sales_Purchase@18df8434]" started-at="2024-01-06T17:04:01 PST" name="sales_purchase_flow" finished-at="2024-01-06T17:04:28 PST" duration-ms="26354" status="PASS">
          <reporter-output>
          </reporter-output>
        </test-method> <!-- sales_purchase_flow -->
        <test-method is-config="true" signature="tearDown()[pri:0, instance:org.luma.ecommerce.testcases.Sales_Purchase@18df8434]" started-at="2024-01-06T17:04:28 PST" name="tearDown" finished-at="2024-01-06T17:04:28 PST" duration-ms="408" status="PASS">
          <reporter-output>
          </reporter-output>
        </test-method> <!-- tearDown -->
      </class> <!-- org.luma.ecommerce.testcases.Sales_Purchase -->
    </test> <!-- Default test -->
  </suite> <!-- Default suite -->
</testng-results>
