<?xml version="1.0" encoding="UTF-8"?>
<testng-results ignored="0" total="2" passed="2" failed="0" skipped="0">
  <reporter-output>
  </reporter-output>
  <suite started-at="2023-11-21T12:50:17 PST" name="Default suite" finished-at="2023-11-21T12:50:46 PST" duration-ms="28573">
    <groups>
      <group name="smoke">
        <method signature="Login.login(java.lang.String,java.lang.String)[pri:0, instance:org.luma.ecommerce.testcases.Login@18df8434]" name="login" class="org.luma.ecommerce.testcases.Login"/>
      </group> <!-- smoke -->
    </groups>
    <test started-at="2023-11-21T12:50:17 PST" name="Default test" finished-at="2023-11-21T12:50:46 PST" duration-ms="28573">
      <class name="org.luma.ecommerce.testcases.Login">
        <test-method is-config="true" signature="launchApplication()[pri:0, instance:org.luma.ecommerce.testcases.Login@18df8434]" started-at="2023-11-21T12:50:18 PST" name="launchApplication" finished-at="2023-11-21T12:50:29 PST" duration-ms="10707" status="PASS">
          <reporter-output>
          </reporter-output>
        </test-method> <!-- launchApplication -->
        <test-method signature="login(java.lang.String,java.lang.String)[pri:0, instance:org.luma.ecommerce.testcases.Login@18df8434]" started-at="2023-11-21T12:50:29 PST" name="login" data-provider="testData" finished-at="2023-11-21T12:50:33 PST" duration-ms="4158" status="PASS">
          <params>
            <param index="0">
              <value>
                <![CDATA[ashafj11@gmail.com]]>
              </value>
            </param>
            <param index="1">
              <value>
                <![CDATA[Ashafj11!]]>
              </value>
            </param>
          </params>
          <reporter-output>
          </reporter-output>
        </test-method> <!-- login -->
        <test-method is-config="true" signature="tearDown()[pri:0, instance:org.luma.ecommerce.testcases.Login@18df8434]" started-at="2023-11-21T12:50:33 PST" name="tearDown" finished-at="2023-11-21T12:50:33 PST" duration-ms="385" status="PASS">
          <reporter-output>
          </reporter-output>
        </test-method> <!-- tearDown -->
        <test-method is-config="true" signature="launchApplication()[pri:0, instance:org.luma.ecommerce.testcases.Login@18df8434]" started-at="2023-11-21T12:50:33 PST" name="launchApplication" finished-at="2023-11-21T12:50:40 PST" duration-ms="6886" status="PASS">
          <reporter-output>
          </reporter-output>
        </test-method> <!-- launchApplication -->
        <test-method signature="login(java.lang.String,java.lang.String)[pri:0, instance:org.luma.ecommerce.testcases.Login@18df8434]" started-at="2023-11-21T12:50:40 PST" name="login" data-provider="testData" finished-at="2023-11-21T12:50:45 PST" duration-ms="4990" status="PASS">
          <params>
            <param index="0">
              <value>
                <![CDATA[carlpenet123@gmail.com]]>
              </value>
            </param>
            <param index="1">
              <value>
                <![CDATA[Ashafj11!]]>
              </value>
            </param>
          </params>
          <reporter-output>
          </reporter-output>
        </test-method> <!-- login -->
        <test-method is-config="true" signature="tearDown()[pri:0, instance:org.luma.ecommerce.testcases.Login@18df8434]" started-at="2023-11-21T12:50:45 PST" name="tearDown" finished-at="2023-11-21T12:50:46 PST" duration-ms="333" status="PASS">
          <reporter-output>
          </reporter-output>
        </test-method> <!-- tearDown -->
      </class> <!-- org.luma.ecommerce.testcases.Login -->
    </test> <!-- Default test -->
  </suite> <!-- Default suite -->
</testng-results>
